A-B A-C B-E C-F D-E D-G F-I G-H H-I
A-B A-C B-E C-F D-F D-G E-H G-I H-I
A-B A-C B-E C-I D-F D-G E-F G-H H-I
A-B A-C B-E C-I D-F D-G E-H F-I G-H
A-B A-C B-H C-F D-E D-G E-F G-I H-I
A-B A-C B-H C-F D-E D-G E-H F-I G-I
A-B A-C B-H C-I D-E D-G E-F F-I G-H
A-B A-C B-H C-I D-F D-G E-F E-H G-I
A-B A-D B-C C-F D-E E-H F-I G-H G-I
A-B A-D B-C C-F D-G E-F E-H G-I H-I
A-B A-D B-C C-I D-F E-F E-H G-H G-I
A-B A-D B-C C-I D-G E-F E-H F-I G-H
A-B A-D B-E C-F C-I D-F E-H G-H G-I
A-B A-D B-E C-F C-I D-G E-F G-H H-I
A-B A-D B-H C-F C-I D-E E-F G-H G-I
A-B A-D B-H C-F C-I D-G E-F E-H G-I
A-B A-G B-C C-F D-E D-F E-H G-I H-I
A-B A-G B-C C-F D-E D-G E-H F-I H-I
A-B A-G B-C C-I D-E D-F E-H F-I G-H
A-B A-G B-C C-I D-F D-G E-F E-H H-I
A-B A-G B-E C-F C-I D-E D-F G-H H-I
A-B A-G B-E C-F C-I D-F D-G E-H H-I
A-B A-G B-H C-F C-I D-E D-F E-H G-I
A-B A-G B-H C-F C-I D-E D-G E-F H-I
A-C A-D B-C B-E D-F E-H F-I G-H G-I
A-C A-D B-C B-E D-G E-F F-I G-H H-I
A-C A-D B-C B-H D-E E-F F-I G-H G-I
A-C A-D B-C B-H D-G E-F E-H F-I G-I
A-C A-D B-E B-H C-F D-E F-I G-H G-I
A-C A-D B-E B-H C-F D-G E-F G-I H-I
A-C A-D B-E B-H C-I D-F E-F G-H G-I
A-C A-D B-E B-H C-I D-G E-F F-I G-H
A-C A-G B-C B-E D-E D-F F-I G-H H-I
A-C A-G B-C B-E D-F D-G E-H F-I H-I
A-C A-G B-C B-H D-E D-F E-H F-I G-I
A-C A-G B-C B-H D-E D-G E-F F-I H-I
A-C A-G B-E B-H C-F D-E D-F G-I H-I
A-C A-G B-E B-H C-F D-E D-G F-I H-I
A-C A-G B-E B-H C-I D-E D-F F-I G-H
A-C A-G B-E B-H C-I D-F D-G E-F H-I
A-D A-G B-C B-E C-F D-E F-I G-H H-I
A-D A-G B-C B-E C-F D-F E-H G-I H-I
A-D A-G B-C B-E C-I D-F E-F G-H H-I
A-D A-G B-C B-E C-I D-F E-H F-I G-H
A-D A-G B-C B-H C-F D-E E-F G-I H-I
A-D A-G B-C B-H C-F D-E E-H F-I G-I
A-D A-G B-C B-H C-I D-E E-F F-I G-H
A-D A-G B-C B-H C-I D-F E-F E-H G-I
